[2019-02-08 16:56:00.440] [exthost] [info] extension host started
[2019-02-08 16:56:00.461] [exthost] [info] ExtensionService#_doActivateExtension vscode.debug-auto-launch {"startup":true,"activationEvent":"*"}
[2019-02-08 16:56:00.462] [exthost] [info] ExtensionService#loadCommonJSModule /usr/share/code/resources/app/extensions/debug-auto-launch/dist/extension
[2019-02-08 16:56:00.525] [exthost] [info] ExtensionService#_doActivateExtension vscode.emmet {"startup":true,"activationEvent":"*"}
[2019-02-08 16:56:00.525] [exthost] [info] ExtensionService#loadCommonJSModule /usr/share/code/resources/app/extensions/emmet/dist/extension
[2019-02-08 16:56:00.621] [exthost] [info] ExtensionService#_doActivateExtension vscode.git {"startup":true,"activationEvent":"*"}
[2019-02-08 16:56:00.621] [exthost] [info] ExtensionService#loadCommonJSModule /usr/share/code/resources/app/extensions/git/dist/main
[2019-02-08 16:56:00.860] [exthost] [info] ExtensionService#_doActivateExtension vscode.merge-conflict {"startup":true,"activationEvent":"*"}
[2019-02-08 16:56:00.860] [exthost] [info] ExtensionService#loadCommonJSModule /usr/share/code/resources/app/extensions/merge-conflict/dist/extension
[2019-02-08 16:56:00.903] [exthost] [info] eager extensions activated
[2019-02-08 16:56:13.454] [exthost] [info] extension host started
[2019-02-08 16:56:13.470] [exthost] [info] ExtensionService#_doActivateExtension vscode.debug-auto-launch {"startup":true,"activationEvent":"*"}
[2019-02-08 16:56:13.470] [exthost] [info] ExtensionService#loadCommonJSModule /usr/share/code/resources/app/extensions/debug-auto-launch/dist/extension
[2019-02-08 16:56:13.475] [exthost] [info] ExtensionService#_doActivateExtension vscode.emmet {"startup":true,"activationEvent":"*"}
[2019-02-08 16:56:13.475] [exthost] [info] ExtensionService#loadCommonJSModule /usr/share/code/resources/app/extensions/emmet/dist/extension
[2019-02-08 16:56:13.506] [exthost] [info] ExtensionService#_doActivateExtension vscode.git {"startup":true,"activationEvent":"*"}
[2019-02-08 16:56:13.506] [exthost] [info] ExtensionService#loadCommonJSModule /usr/share/code/resources/app/extensions/git/dist/main
[2019-02-08 16:56:13.651] [exthost] [info] ExtensionService#_doActivateExtension vscode.merge-conflict {"startup":true,"activationEvent":"*"}
[2019-02-08 16:56:13.651] [exthost] [info] ExtensionService#loadCommonJSModule /usr/share/code/resources/app/extensions/merge-conflict/dist/extension
[2019-02-08 16:56:13.659] [exthost] [info] eager extensions activated
[2019-02-08 16:56:15.329] [exthost] [info] ExtensionService#_doActivateExtension vscode.typescript-language-features {"startup":false,"activationEvent":"onLanguage:javascript"}
[2019-02-08 16:56:15.329] [exthost] [info] ExtensionService#loadCommonJSModule /usr/share/code/resources/app/extensions/typescript-language-features/dist/extension
[2019-02-08 16:56:31.865] [exthost] [info] ExtensionService#_doActivateExtension vscode.extension-editing {"startup":false,"activationEvent":"onLanguage:typescript"}
[2019-02-08 16:56:31.865] [exthost] [info] ExtensionService#loadCommonJSModule /usr/share/code/resources/app/extensions/extension-editing/dist/extension
[2019-02-08 17:00:57.481] [exthost] [info] ExtensionService#_doActivateExtension vscode.configuration-editing {"startup":false,"activationEvent":"onLanguage:json"}
[2019-02-08 17:00:57.481] [exthost] [info] ExtensionService#loadCommonJSModule /usr/share/code/resources/app/extensions/configuration-editing/dist/extension
[2019-02-08 17:00:57.605] [exthost] [info] ExtensionService#_doActivateExtension vscode.json-language-features {"startup":false,"activationEvent":"onLanguage:json"}
[2019-02-08 17:00:57.606] [exthost] [info] ExtensionService#loadCommonJSModule /usr/share/code/resources/app/extensions/json-language-features/client/dist/jsonMain
[2019-02-08 17:00:57.755] [exthost] [info] ExtensionService#_doActivateExtension vscode.npm {"startup":false,"activationEvent":"onLanguage:json"}
[2019-02-08 17:00:57.755] [exthost] [info] ExtensionService#loadCommonJSModule /usr/share/code/resources/app/extensions/npm/dist/main
