[2019-02-12 14:21:50.517] [exthost] [info] extension host started
[2019-02-12 14:21:50.538] [exthost] [info] ExtensionService#_doActivateExtension vscode.debug-auto-launch {"startup":true,"activationEvent":"*"}
[2019-02-12 14:21:50.539] [exthost] [info] ExtensionService#loadCommonJSModule /usr/share/code/resources/app/extensions/debug-auto-launch/dist/extension
[2019-02-12 14:21:50.580] [exthost] [info] ExtensionService#_doActivateExtension vscode.emmet {"startup":true,"activationEvent":"*"}
[2019-02-12 14:21:50.580] [exthost] [info] ExtensionService#loadCommonJSModule /usr/share/code/resources/app/extensions/emmet/dist/extension
[2019-02-12 14:21:50.647] [exthost] [info] ExtensionService#_doActivateExtension vscode.git {"startup":true,"activationEvent":"*"}
[2019-02-12 14:21:50.647] [exthost] [info] ExtensionService#loadCommonJSModule /usr/share/code/resources/app/extensions/git/dist/main
[2019-02-12 14:21:50.866] [exthost] [info] ExtensionService#_doActivateExtension vscode.merge-conflict {"startup":true,"activationEvent":"*"}
[2019-02-12 14:21:50.866] [exthost] [info] ExtensionService#loadCommonJSModule /usr/share/code/resources/app/extensions/merge-conflict/dist/extension
[2019-02-12 14:21:50.922] [exthost] [info] eager extensions activated
[2019-02-12 14:22:16.721] [exthost] [info] extension host started
[2019-02-12 14:22:16.739] [exthost] [info] ExtensionService#_doActivateExtension vscode.debug-auto-launch {"startup":true,"activationEvent":"*"}
[2019-02-12 14:22:16.739] [exthost] [info] ExtensionService#loadCommonJSModule /usr/share/code/resources/app/extensions/debug-auto-launch/dist/extension
[2019-02-12 14:22:16.744] [exthost] [info] ExtensionService#_doActivateExtension vscode.emmet {"startup":true,"activationEvent":"*"}
[2019-02-12 14:22:16.744] [exthost] [info] ExtensionService#loadCommonJSModule /usr/share/code/resources/app/extensions/emmet/dist/extension
[2019-02-12 14:22:16.772] [exthost] [info] ExtensionService#_doActivateExtension vscode.git {"startup":true,"activationEvent":"*"}
[2019-02-12 14:22:16.772] [exthost] [info] ExtensionService#loadCommonJSModule /usr/share/code/resources/app/extensions/git/dist/main
[2019-02-12 14:22:16.909] [exthost] [info] ExtensionService#_doActivateExtension vscode.merge-conflict {"startup":true,"activationEvent":"*"}
[2019-02-12 14:22:16.909] [exthost] [info] ExtensionService#loadCommonJSModule /usr/share/code/resources/app/extensions/merge-conflict/dist/extension
[2019-02-12 14:22:16.918] [exthost] [info] eager extensions activated
[2019-02-12 14:22:55.984] [exthost] [info] extension host started
[2019-02-12 14:22:55.999] [exthost] [info] ExtensionService#_doActivateExtension vscode.debug-auto-launch {"startup":true,"activationEvent":"*"}
[2019-02-12 14:22:55.999] [exthost] [info] ExtensionService#loadCommonJSModule /usr/share/code/resources/app/extensions/debug-auto-launch/dist/extension
[2019-02-12 14:22:56.003] [exthost] [info] ExtensionService#_doActivateExtension vscode.emmet {"startup":true,"activationEvent":"*"}
[2019-02-12 14:22:56.003] [exthost] [info] ExtensionService#loadCommonJSModule /usr/share/code/resources/app/extensions/emmet/dist/extension
[2019-02-12 14:22:56.029] [exthost] [info] ExtensionService#_doActivateExtension vscode.git {"startup":true,"activationEvent":"*"}
[2019-02-12 14:22:56.029] [exthost] [info] ExtensionService#loadCommonJSModule /usr/share/code/resources/app/extensions/git/dist/main
[2019-02-12 14:22:56.155] [exthost] [info] ExtensionService#_doActivateExtension vscode.merge-conflict {"startup":true,"activationEvent":"*"}
[2019-02-12 14:22:56.155] [exthost] [info] ExtensionService#loadCommonJSModule /usr/share/code/resources/app/extensions/merge-conflict/dist/extension
[2019-02-12 14:22:56.163] [exthost] [info] eager extensions activated
[2019-02-12 14:23:18.622] [exthost] [info] extension host started
[2019-02-12 14:23:18.636] [exthost] [info] ExtensionService#_doActivateExtension vscode.debug-auto-launch {"startup":true,"activationEvent":"*"}
[2019-02-12 14:23:18.636] [exthost] [info] ExtensionService#loadCommonJSModule /usr/share/code/resources/app/extensions/debug-auto-launch/dist/extension
[2019-02-12 14:23:18.641] [exthost] [info] ExtensionService#_doActivateExtension vscode.emmet {"startup":true,"activationEvent":"*"}
[2019-02-12 14:23:18.641] [exthost] [info] ExtensionService#loadCommonJSModule /usr/share/code/resources/app/extensions/emmet/dist/extension
[2019-02-12 14:23:18.668] [exthost] [info] ExtensionService#_doActivateExtension vscode.git {"startup":true,"activationEvent":"*"}
[2019-02-12 14:23:18.668] [exthost] [info] ExtensionService#loadCommonJSModule /usr/share/code/resources/app/extensions/git/dist/main
[2019-02-12 14:23:18.805] [exthost] [info] ExtensionService#_doActivateExtension vscode.merge-conflict {"startup":true,"activationEvent":"*"}
[2019-02-12 14:23:18.805] [exthost] [info] ExtensionService#loadCommonJSModule /usr/share/code/resources/app/extensions/merge-conflict/dist/extension
[2019-02-12 14:23:18.813] [exthost] [info] eager extensions activated
[2019-02-12 14:23:30.124] [exthost] [info] ExtensionService#_doActivateExtension vscode.typescript-language-features {"startup":false,"activationEvent":"onLanguage:javascript"}
[2019-02-12 14:23:30.124] [exthost] [info] ExtensionService#loadCommonJSModule /usr/share/code/resources/app/extensions/typescript-language-features/dist/extension
[2019-02-12 14:23:48.489] [exthost] [info] ExtensionService#_doActivateExtension vscode.extension-editing {"startup":false,"activationEvent":"onLanguage:typescript"}
[2019-02-12 14:23:48.489] [exthost] [info] ExtensionService#loadCommonJSModule /usr/share/code/resources/app/extensions/extension-editing/dist/extension
[2019-02-12 14:42:26.294] [exthost] [error] [vscode.typescript-language-features] provider FAILED
[2019-02-12 14:42:26.295] [exthost] [error] TypeError: Cannot read property 'displayParts' of undefined
	at w.resolveCompletionItem (/usr/share/code/resources/app/extensions/typescript-language-features/dist/extension.js:1:99172)
	at <anonymous>
[2019-02-12 14:42:35.873] [exthost] [error] [vscode.typescript-language-features] provider FAILED
[2019-02-12 14:42:35.873] [exthost] [error] TypeError: Cannot read property 'displayParts' of undefined
	at w.resolveCompletionItem (/usr/share/code/resources/app/extensions/typescript-language-features/dist/extension.js:1:99172)
	at <anonymous>
[2019-02-12 14:42:42.445] [exthost] [error] [vscode.typescript-language-features] provider FAILED
[2019-02-12 14:42:42.445] [exthost] [error] TypeError: Cannot read property 'displayParts' of undefined
	at w.resolveCompletionItem (/usr/share/code/resources/app/extensions/typescript-language-features/dist/extension.js:1:99172)
	at <anonymous>
[2019-02-12 14:42:42.801] [exthost] [error] [vscode.typescript-language-features] provider FAILED
[2019-02-12 14:42:42.801] [exthost] [error] TypeError: Cannot read property 'displayParts' of undefined
	at w.resolveCompletionItem (/usr/share/code/resources/app/extensions/typescript-language-features/dist/extension.js:1:99172)
	at <anonymous>
[2019-02-12 14:42:44.128] [exthost] [error] [vscode.typescript-language-features] provider FAILED
[2019-02-12 14:42:44.128] [exthost] [error] TypeError: Cannot read property 'displayParts' of undefined
	at w.resolveCompletionItem (/usr/share/code/resources/app/extensions/typescript-language-features/dist/extension.js:1:99172)
	at <anonymous>
[2019-02-12 14:42:54.459] [exthost] [error] [vscode.typescript-language-features] provider FAILED
[2019-02-12 14:42:54.459] [exthost] [error] TypeError: Cannot read property 'displayParts' of undefined
	at w.resolveCompletionItem (/usr/share/code/resources/app/extensions/typescript-language-features/dist/extension.js:1:99172)
	at <anonymous>
[2019-02-12 14:43:10.882] [exthost] [error] [vscode.typescript-language-features] provider FAILED
[2019-02-12 14:43:10.882] [exthost] [error] TypeError: Cannot read property 'displayParts' of undefined
	at w.resolveCompletionItem (/usr/share/code/resources/app/extensions/typescript-language-features/dist/extension.js:1:99172)
	at <anonymous>
[2019-02-12 14:43:11.089] [exthost] [error] [vscode.typescript-language-features] provider FAILED
[2019-02-12 14:43:11.089] [exthost] [error] TypeError: Cannot read property 'displayParts' of undefined
	at w.resolveCompletionItem (/usr/share/code/resources/app/extensions/typescript-language-features/dist/extension.js:1:99172)
	at <anonymous>
[2019-02-12 14:43:40.442] [exthost] [error] [vscode.typescript-language-features] provider FAILED
[2019-02-12 14:43:40.442] [exthost] [error] TypeError: Cannot read property 'displayParts' of undefined
	at w.resolveCompletionItem (/usr/share/code/resources/app/extensions/typescript-language-features/dist/extension.js:1:99172)
	at <anonymous>
